find_cc         : >>> gcc --version
gcc (GCC) 4.1.3 20070929 (prerelease) (Ubuntu 4.1.2-16ubuntu2)
Copyright (C) 2006 Free Software Foundation, Inc.
This is free software; see the source for copying conditions.  There is NO
warranty; not even for MERCHANTABILITY or FITNESS FOR A PARTICULAR PURPOSE.

find_cc         : using `gcc'
find_ccopts     : >>> gcc -O2 -c tmp/test.c -o tmp/test.o
find_ccopts     : using flags: `-O2'
find_lflags     : using no flags
find_libs       : >>> gcc -O2 tmp/test.c -lnsl -o tmp/test
find_libs       : >>> gcc -O2 tmp/test.c -lsocket -o tmp/test
/usr/bin/ld: cannot find -lsocket
collect2: ld returned 1 exit status
find_libs       : *** Command failed (exit code 1)
find_libs       : >>> gcc -O2 tmp/test.c -lresolv -o tmp/test
find_libs       : >>> gcc -O2 tmp/test.c -lbsd -o tmp/test
/usr/bin/ld: cannot find -lbsd
collect2: ld returned 1 exit status
find_libs       : *** Command failed (exit code 1)
check_int16     : >>> gcc -O2 tmp/test.c -lnsl -lresolv -o tmp/test
tmp/test.c: In function ‘main’:
tmp/test.c:4: warning: incompatible implicit declaration of built-in function ‘printf’
check_int16     : test program output (sizeof(int) sizeof(short)): 4 2
check_int16     : short is 16 bits
check_int32     : >>> gcc -O2 tmp/test.c -lnsl -lresolv -o tmp/test
tmp/test.c: In function ‘main’:
tmp/test.c:4: warning: incompatible implicit declaration of built-in function ‘printf’
check_int32     : test program output (sizeof(int) sizeof(long)): 4 4
check_int32     : int is 32 bits
check_strings   : found strings.h in /usr/include
check_sysselect : found sys/select.h in /usr/include
check_sysproto  : >>> gcc -O2 tmp/test.c -lnsl -lresolv -o tmp/test
tmp/test.c:1:26: error: sys/sysproto.h: No such file or directory
check_sysproto  : *** Command failed (exit code 1)
check_sysproto  : didn't find sys/sysproto.h
check_aix_intNN : >>> egrep int16|int32 /usr/include/sys/systypes.h
grep: /usr/include/sys/systypes.h: No such file or directory
check_aix_intNN : *** Command failed (exit code 2)
check_aix_intNN : int16/int32 types not found
check_strerror  : >>> gcc -O2 tmp/test.c -lnsl -lresolv -o tmp/test
check_strerror  : using strerror()
check_snprintf  : >>> gcc -O2 tmp/test.c -lnsl -lresolv -o tmp/test
tmp/test.c: In function ‘main’:
tmp/test.c:8: warning: incompatible implicit declaration of built-in function ‘printf’
tmp/test.c:9: warning: incompatible implicit declaration of built-in function ‘strlen’
tmp/test.c:13: warning: incompatible implicit declaration of built-in function ‘printf’
check_snprintf  : >>> tmp/test
test: snprintf broken (wrong return value: wanted 7, got 9)
check_snprintf  : *** Command failed (exit code 1)
check_snprintf  : didn't find snprintf
check_snprintf  : found, but returns large value if string too long
check_strtok    : >>> gcc -O2 tmp/test.c -lnsl -lresolv -o tmp/test
tmp/test.c: In function ‘main’:
tmp/test.c:8: warning: comparison between pointer and integer
tmp/test.c:10: warning: comparison between pointer and integer
tmp/test.c:12: warning: comparison between pointer and integer
tmp/test.c:14: warning: comparison between pointer and integer
tmp/test.c:16: warning: comparison between pointer and integer
tmp/test.c:18: warning: comparison between pointer and integer
check_strtok    : >>> tmp/test
check_strtok    : found strtok
check_stricmp   : >>> gcc -O2 tmp/test.c -lnsl -lresolv -o tmp/test
/tmp/ccoQzl9B.o: In function `main':
test.c:(.text+0x21): undefined reference to `stricmp'
test.c:(.text+0x58): undefined reference to `strnicmp'
collect2: ld returned 1 exit status
check_stricmp   : *** Command failed (exit code 1)
check_stricmp   : didn't find stricmp
check_stricmp   : >>> gcc -O2 tmp/test.c -lnsl -lresolv -o tmp/test
check_stricmp   : >>> tmp/test
check_stricmp   : found strcasecmp
check_strdup    : >>> gcc -O2 tmp/test.c -lnsl -lresolv -o tmp/test
tmp/test.c: In function ‘main’:
tmp/test.c:5: warning: assignment makes pointer from integer without a cast
check_strdup    : >>> tmp/test
check_strdup    : found strdup
check_strspn    : >>> gcc -O2 tmp/test.c -lnsl -lresolv -o tmp/test
check_strspn    : >>> tmp/test
check_strspn    : found strspn
check_strsignal : >>> gcc -O2 tmp/test.c -lnsl -lresolv -o tmp/test
check_strsignal : >>> tmp/test
check_strsignal : found strsignal
check_gettimeofday: >>> gcc -O2 tmp/test.c -lnsl -lresolv -o tmp/test
check_gettimeofday: >>> tmp/test
check_gettimeofday: found gettimeofday
check_setgrent  : >>> gcc -O2 tmp/test.c -lnsl -lresolv -o tmp/test
check_setgrent  : >>> tmp/test
check_setgrent  : found setgrent
check_umask     : >>> gcc -O2 tmp/test.c -lnsl -lresolv -o tmp/test
check_umask     : >>> tmp/test
check_umask     : found umask
check_fork      : >>> gcc -O2 tmp/test.c -lnsl -lresolv -o tmp/test
check_fork      : >>> tmp/test
check_fork      : found fork
check_gethostbyname: >>> gcc -O2 tmp/test.c -lnsl -lresolv -o tmp/test
check_gethostbyname: >>> tmp/test
check_gethostbyname: found gethostbyname
check_install   : >>> gcc -O2 tmp/test.c -lnsl -lresolv -o tmp/test
check_install   : >>> cp -p tmp/test tmp/test3
check_install   : >>> install -m 500 tmp/test tmp/test2
check_install   : >>> cmp tmp/test tmp/test2
check_install   : using: install -m 700
check_copy_recur: sysname: Linux
check_copy_recur: guessing: cp -dpr
check_copy_recur: >>> /bin/mkdir tmp/testA
check_copy_recur: >>> /bin/mkdir tmp/testB
check_copy_recur: >>> /bin/mv tmp/test2 tmp/testA
check_copy_recur: >>> /bin/cp -dpr tmp/testA/test2 tmp/testB
check_copy_recur: >>> cmp tmp/testA/test2 tmp/testB/test2
check_copy_recur: `/bin/cp -dpr' works
